\BOOKMARK [0][-]{chapter.1}{\376\377\000D\000o\000c\000u\000m\000e\000t\000i\000o\000n\000\040\000o\000f\000\040\000L\000e\000g\000o\000\040\000M\000i\000n\000d\000s\000t\000o\000r\000m\000\040\000C\000o\000n\000t\000r\000o\000l\000\040\000A\000p\000i}{}
\BOOKMARK [0][-]{chapter.2}{\376\377\000N\000a\000m\000e\000s\000p\000a\000c\000e\000\040\000I\000n\000d\000e\000x}{}
\BOOKMARK [1][-]{section.2.1}{\376\377\000P\000a\000c\000k\000a\000g\000e\000\040\000L\000i\000s\000t}{chapter.2}
\BOOKMARK [0][-]{chapter.3}{\376\377\000C\000l\000a\000s\000s\000\040\000I\000n\000d\000e\000x}{}
\BOOKMARK [1][-]{section.3.1}{\376\377\000C\000l\000a\000s\000s\000\040\000L\000i\000s\000t}{chapter.3}
\BOOKMARK [0][-]{chapter.4}{\376\377\000F\000i\000l\000e\000\040\000I\000n\000d\000e\000x}{}
\BOOKMARK [1][-]{section.4.1}{\376\377\000F\000i\000l\000e\000\040\000L\000i\000s\000t}{chapter.4}
\BOOKMARK [0][-]{chapter.5}{\376\377\000N\000a\000m\000e\000s\000p\000a\000c\000e\000\040\000D\000o\000c\000u\000m\000e\000n\000t\000a\000t\000i\000o\000n}{}
\BOOKMARK [1][-]{section.5.1}{\376\377\000P\000a\000c\000k\000a\000g\000e\000\040\000L\000e\000g\000o\000\137\000M\000i\000n\000d\000S\000t\000o\000r\000m\000\137\000C\000o\000n\000t\000r\000o\000l\000\137\000A\000p\000i}{chapter.5}
\BOOKMARK [2][-]{subsection.5.1.1}{\376\377\000D\000e\000t\000a\000i\000l\000e\000d\000\040\000D\000e\000s\000c\000r\000i\000p\000t\000i\000o\000n}{section.5.1}
\BOOKMARK [0][-]{chapter.6}{\376\377\000C\000l\000a\000s\000s\000\040\000D\000o\000c\000u\000m\000e\000n\000t\000a\000t\000i\000o\000n}{}
\BOOKMARK [1][-]{section.6.1}{\376\377\000L\000e\000g\000o\000\137\000M\000i\000n\000d\000S\000t\000o\000r\000m\000\137\000C\000o\000n\000t\000r\000o\000l\000\137\000A\000p\000i\000.\000c\000o\000n\000f\000i\000g\000\040\000C\000l\000a\000s\000s\000\040\000R\000e\000f\000e\000r\000e\000n\000c\000e}{chapter.6}
\BOOKMARK [2][-]{subsection.6.1.1}{\376\377\000D\000e\000t\000a\000i\000l\000e\000d\000\040\000D\000e\000s\000c\000r\000i\000p\000t\000i\000o\000n}{section.6.1}
\BOOKMARK [2][-]{subsection.6.1.2}{\376\377\000M\000e\000m\000b\000e\000r\000\040\000F\000u\000n\000c\000t\000i\000o\000n\000\040\000D\000o\000c\000u\000m\000e\000n\000t\000a\000t\000i\000o\000n}{section.6.1}
\BOOKMARK [3][-]{subsubsection.6.1.2.1}{\376\377\000r\000u\000n}{subsection.6.1.2}
\BOOKMARK [2][-]{subsection.6.1.3}{\376\377\000M\000e\000m\000b\000e\000r\000\040\000D\000a\000t\000a\000\040\000D\000o\000c\000u\000m\000e\000n\000t\000a\000t\000i\000o\000n}{section.6.1}
\BOOKMARK [3][-]{subsubsection.6.1.3.1}{\376\377\000I\000R\000C\000\137\000c\000h\000a\000n\000n\000e\000l}{subsection.6.1.3}
\BOOKMARK [3][-]{subsubsection.6.1.3.2}{\376\377\000I\000R\000C\000\137\000n\000i\000c\000k\000n\000a\000m\000e}{subsection.6.1.3}
\BOOKMARK [3][-]{subsubsection.6.1.3.3}{\376\377\000I\000R\000C\000\137\000o\000n\000\137\000o\000f\000f}{subsection.6.1.3}
\BOOKMARK [3][-]{subsubsection.6.1.3.4}{\376\377\000I\000R\000C\000\137\000p\000a\000s\000s\000w\000o\000r\000d}{subsection.6.1.3}
\BOOKMARK [3][-]{subsubsection.6.1.3.5}{\376\377\000I\000R\000C\000\137\000p\000o\000r\000t}{subsection.6.1.3}
\BOOKMARK [3][-]{subsubsection.6.1.3.6}{\376\377\000I\000R\000C\000\137\000s\000e\000r\000v\000e\000r}{subsection.6.1.3}
\BOOKMARK [3][-]{subsubsection.6.1.3.7}{\376\377\000I\000R\000C\000\137\000u\000s\000e\000r}{subsection.6.1.3}
\BOOKMARK [3][-]{subsubsection.6.1.3.8}{\376\377\000M\000y\000s\000q\000l\000\137\000d\000a\000t\000a\000b\000a\000s\000e}{subsection.6.1.3}
\BOOKMARK [3][-]{subsubsection.6.1.3.9}{\376\377\000M\000y\000s\000q\000l\000\137\000p\000a\000s\000s\000w\000o\000r\000d}{subsection.6.1.3}
\BOOKMARK [3][-]{subsubsection.6.1.3.10}{\376\377\000M\000y\000s\000q\000l\000\137\000s\000e\000r\000v\000e\000r}{subsection.6.1.3}
\BOOKMARK [3][-]{subsubsection.6.1.3.11}{\376\377\000M\000y\000s\000q\000l\000\137\000u\000s\000e\000r}{subsection.6.1.3}
\BOOKMARK [3][-]{subsubsection.6.1.3.12}{\376\377\000R\000o\000v\000e\000r\000\137\000d\000i\000s\000t\000a\000n\000c\000e}{subsection.6.1.3}
\BOOKMARK [3][-]{subsubsection.6.1.3.13}{\376\377\000R\000o\000v\000e\000r\000\137\000l\000i\000g\000h\000t}{subsection.6.1.3}
\BOOKMARK [3][-]{subsubsection.6.1.3.14}{\376\377\000R\000o\000v\000e\000r\000\137\000p\000o\000r\000t}{subsection.6.1.3}
\BOOKMARK [3][-]{subsubsection.6.1.3.15}{\376\377\000R\000o\000v\000e\000r\000\137\000s\000o\000u\000n\000d}{subsection.6.1.3}
\BOOKMARK [3][-]{subsubsection.6.1.3.16}{\376\377\000R\000o\000v\000e\000r\000\137\000t\000o\000u\000c\000h}{subsection.6.1.3}
\BOOKMARK [3][-]{subsubsection.6.1.3.17}{\376\377\000s\000e\000n\000s\000o\000r\000\137\000a\000u\000t\000o\000\137\000o\000n\000\137\000o\000f\000f}{subsection.6.1.3}
\BOOKMARK [3][-]{subsubsection.6.1.3.18}{\376\377\000s\000e\000n\000s\000o\000r\000M\000o\000d\000e}{subsection.6.1.3}
\BOOKMARK [3][-]{subsubsection.6.1.3.19}{\376\377\000s\000e\000n\000s\000o\000r\000T\000y\000p\000e}{subsection.6.1.3}
\BOOKMARK [1][-]{section.6.2}{\376\377\000L\000e\000g\000o\000\137\000M\000i\000n\000d\000S\000t\000o\000r\000m\000\137\000C\000o\000n\000t\000r\000o\000l\000\137\000A\000p\000i\000.\000F\000o\000r\000m\0001\000\040\000C\000l\000a\000s\000s\000\040\000R\000e\000f\000e\000r\000e\000n\000c\000e}{chapter.6}
\BOOKMARK [2][-]{subsection.6.2.1}{\376\377\000C\000o\000n\000s\000t\000r\000u\000c\000t\000o\000r\000\040\000\046\000\040\000D\000e\000s\000t\000r\000u\000c\000t\000o\000r\000\040\000D\000o\000c\000u\000m\000e\000n\000t\000a\000t\000i\000o\000n}{section.6.2}
\BOOKMARK [3][-]{subsubsection.6.2.1.1}{\376\377\000F\000o\000r\000m\0001}{subsection.6.2.1}
\BOOKMARK [1][-]{section.6.3}{\376\377\000L\000e\000g\000o\000\137\000M\000i\000n\000d\000S\000t\000o\000r\000m\000\137\000C\000o\000n\000t\000r\000o\000l\000\137\000A\000p\000i\000.\000I\000r\000c\000B\000o\000t\000\040\000C\000l\000a\000s\000s\000\040\000R\000e\000f\000e\000r\000e\000n\000c\000e}{chapter.6}
\BOOKMARK [2][-]{subsection.6.3.1}{\376\377\000M\000e\000m\000b\000e\000r\000\040\000F\000u\000n\000c\000t\000i\000o\000n\000\040\000D\000o\000c\000u\000m\000e\000n\000t\000a\000t\000i\000o\000n}{section.6.3}
\BOOKMARK [3][-]{subsubsection.6.3.1.1}{\376\377\000i\000d\000e\000n\000t}{subsection.6.3.1}
\BOOKMARK [3][-]{subsubsection.6.3.1.2}{\376\377\000r\000u\000n\000\137\000i\000r\000c}{subsection.6.3.1}
\BOOKMARK [2][-]{subsection.6.3.2}{\376\377\000M\000e\000m\000b\000e\000r\000\040\000D\000a\000t\000a\000\040\000D\000o\000c\000u\000m\000e\000n\000t\000a\000t\000i\000o\000n}{section.6.3}
\BOOKMARK [3][-]{subsubsection.6.3.2.1}{\376\377\000l\000o\000g}{subsection.6.3.2}
\BOOKMARK [3][-]{subsubsection.6.3.2.2}{\376\377\000S\000E\000R\000V\000E\000R}{subsection.6.3.2}
\BOOKMARK [3][-]{subsubsection.6.3.2.3}{\376\377\000t\000i\000m\000e\000s\000l\000e\000e\000p}{subsection.6.3.2}
\BOOKMARK [3][-]{subsubsection.6.3.2.4}{\376\377\000w\000r\000i\000t\000e\000r}{subsection.6.3.2}
\BOOKMARK [1][-]{section.6.4}{\376\377\000L\000e\000g\000o\000\137\000M\000i\000n\000d\000S\000t\000o\000r\000m\000\137\000C\000o\000n\000t\000r\000o\000l\000\137\000A\000p\000i\000.\000m\000y\000s\000q\000l\000\040\000C\000l\000a\000s\000s\000\040\000R\000e\000f\000e\000r\000e\000n\000c\000e}{chapter.6}
\BOOKMARK [2][-]{subsection.6.4.1}{\376\377\000M\000e\000m\000b\000e\000r\000\040\000F\000u\000n\000c\000t\000i\000o\000n\000\040\000D\000o\000c\000u\000m\000e\000n\000t\000a\000t\000i\000o\000n}{section.6.4}
\BOOKMARK [3][-]{subsubsection.6.4.1.1}{\376\377\000c\000h\000e\000c\000k}{subsection.6.4.1}
\BOOKMARK [3][-]{subsubsection.6.4.1.2}{\376\377\000c\000l\000o\000s\000e}{subsection.6.4.1}
\BOOKMARK [3][-]{subsubsection.6.4.1.3}{\376\377\000c\000o\000n\000n\000e\000c\000t}{subsection.6.4.1}
\BOOKMARK [3][-]{subsubsection.6.4.1.4}{\376\377\000p\000r\000e\000\137\000p\000r\000o\000g\000r\000a\000m}{subsection.6.4.1}
\BOOKMARK [3][-]{subsubsection.6.4.1.5}{\376\377\000Q\000u\000e\000r\000y\000C\000o\000m\000m\000a\000n\000d}{subsection.6.4.1}
\BOOKMARK [3][-]{subsubsection.6.4.1.6}{\376\377\000r\000u\000n}{subsection.6.4.1}
\BOOKMARK [2][-]{subsection.6.4.2}{\376\377\000M\000e\000m\000b\000e\000r\000\040\000D\000a\000t\000a\000\040\000D\000o\000c\000u\000m\000e\000n\000t\000a\000t\000i\000o\000n}{section.6.4}
\BOOKMARK [3][-]{subsubsection.6.4.2.1}{\376\377\000c\000m\000d}{subsection.6.4.2}
\BOOKMARK [3][-]{subsubsection.6.4.2.2}{\376\377\000c\000o\000n\000n\000B\000u\000i\000l\000d\000e\000r}{subsection.6.4.2}
\BOOKMARK [3][-]{subsubsection.6.4.2.3}{\376\377\000c\000o\000n\000n\000e\000c\000t\000i\000o\000n}{subsection.6.4.2}
\BOOKMARK [1][-]{section.6.5}{\376\377\000L\000e\000g\000o\000\137\000M\000i\000n\000d\000S\000t\000o\000r\000m\000\137\000C\000o\000n\000t\000r\000o\000l\000\137\000A\000p\000i\000.\000m\000y\000s\000q\000l\000\137\000r\000e\000s\000u\000l\000t\000s\000\040\000C\000l\000a\000s\000s\000\040\000R\000e\000f\000e\000r\000e\000n\000c\000e}{chapter.6}
\BOOKMARK [2][-]{subsection.6.5.1}{\376\377\000M\000e\000m\000b\000e\000r\000\040\000D\000a\000t\000a\000\040\000D\000o\000c\000u\000m\000e\000n\000t\000a\000t\000i\000o\000n}{section.6.5}
\BOOKMARK [3][-]{subsubsection.6.5.1.1}{\376\377\000I\000D}{subsection.6.5.1}
\BOOKMARK [3][-]{subsubsection.6.5.1.2}{\376\377\000m\000s\000g}{subsection.6.5.1}
\BOOKMARK [3][-]{subsubsection.6.5.1.3}{\376\377\000r\000e\000s\000u\000l\000t}{subsection.6.5.1}
\BOOKMARK [3][-]{subsubsection.6.5.1.4}{\376\377\000w\000h\000e\000n}{subsection.6.5.1}
\BOOKMARK [1][-]{section.6.6}{\376\377\000L\000e\000g\000o\000\137\000M\000i\000n\000d\000S\000t\000o\000r\000m\000\137\000C\000o\000n\000t\000r\000o\000l\000\137\000A\000p\000i\000.\000m\000y\000s\000q\000l\000\137\000t\000o\000d\000o\000\040\000C\000l\000a\000s\000s\000\040\000R\000e\000f\000e\000r\000e\000n\000c\000e}{chapter.6}
\BOOKMARK [2][-]{subsection.6.6.1}{\376\377\000M\000e\000m\000b\000e\000r\000\040\000D\000a\000t\000a\000\040\000D\000o\000c\000u\000m\000e\000n\000t\000a\000t\000i\000o\000n}{section.6.6}
\BOOKMARK [3][-]{subsubsection.6.6.1.1}{\376\377\000s\000q\000l}{subsection.6.6.1}
\BOOKMARK [1][-]{section.6.7}{\376\377\000L\000e\000g\000o\000\137\000M\000i\000n\000d\000S\000t\000o\000r\000m\000\137\000C\000o\000n\000t\000r\000o\000l\000\137\000A\000p\000i\000.\000n\000x\000t\000\137\000r\000e\000s\000u\000l\000t\000\040\000C\000l\000a\000s\000s\000\040\000R\000e\000f\000e\000r\000e\000n\000c\000e}{chapter.6}
\BOOKMARK [2][-]{subsection.6.7.1}{\376\377\000D\000e\000t\000a\000i\000l\000e\000d\000\040\000D\000e\000s\000c\000r\000i\000p\000t\000i\000o\000n}{section.6.7}
\BOOKMARK [2][-]{subsection.6.7.2}{\376\377\000M\000e\000m\000b\000e\000r\000\040\000D\000a\000t\000a\000\040\000D\000o\000c\000u\000m\000e\000n\000t\000a\000t\000i\000o\000n}{section.6.7}
\BOOKMARK [3][-]{subsubsection.6.7.2.1}{\376\377\000r\000e\000s\000u\000l\000t}{subsection.6.7.2}
\BOOKMARK [3][-]{subsubsection.6.7.2.2}{\376\377\000t\000y\000p\000e}{subsection.6.7.2}
\BOOKMARK [3][-]{subsubsection.6.7.2.3}{\376\377\000v\000a\000l\000u\000e}{subsection.6.7.2}
\BOOKMARK [1][-]{section.6.8}{\376\377\000L\000e\000g\000o\000\137\000M\000i\000n\000d\000S\000t\000o\000r\000m\000\137\000C\000o\000n\000t\000r\000o\000l\000\137\000A\000p\000i\000.\000N\000X\000T\000\137\000R\000O\000V\000E\000R\000\137\000C\000O\000N\000T\000R\000O\000L\000\040\000C\000l\000a\000s\000s\000\040\000R\000e\000f\000e\000r\000e\000n\000c\000e}{chapter.6}
\BOOKMARK [2][-]{subsection.6.8.1}{\376\377\000D\000e\000t\000a\000i\000l\000e\000d\000\040\000D\000e\000s\000c\000r\000i\000p\000t\000i\000o\000n}{section.6.8}
\BOOKMARK [2][-]{subsection.6.8.2}{\376\377\000M\000e\000m\000b\000e\000r\000\040\000F\000u\000n\000c\000t\000i\000o\000n\000\040\000D\000o\000c\000u\000m\000e\000n\000t\000a\000t\000i\000o\000n}{section.6.8}
\BOOKMARK [3][-]{subsubsection.6.8.2.1}{\376\377\000C\000o\000l\000l\000e\000c\000t\000I\000n\000f\000o\000r\000m\000a\000t\000i\000o\000n}{subsection.6.8.2}
\BOOKMARK [3][-]{subsubsection.6.8.2.2}{\376\377\000c\000o\000m\000m\000a\000n\000d\000\137\000t\000r\000a\000n\000s\000l\000a\000t\000i\000o\000n}{subsection.6.8.2}
\BOOKMARK [3][-]{subsubsection.6.8.2.3}{\376\377\000g\000e\000t\000\137\000s\000e\000n\000s\000o\000r}{subsection.6.8.2}
\BOOKMARK [3][-]{subsubsection.6.8.2.4}{\376\377\000g\000e\000t\000\137\000s\000e\000n\000s\000o\000r}{subsection.6.8.2}
\BOOKMARK [3][-]{subsubsection.6.8.2.5}{\376\377\000m\000o\000t\000o\000r\000\137\000d\000e\000g\000r\000e\000e}{subsection.6.8.2}
\BOOKMARK [3][-]{subsubsection.6.8.2.6}{\376\377\000m\000o\000t\000o\000r\000\137\000d\000e\000g\000r\000e\000e}{subsection.6.8.2}
\BOOKMARK [3][-]{subsubsection.6.8.2.7}{\376\377\000m\000o\000t\000o\000r\000\137\000o\000f\000f}{subsection.6.8.2}
\BOOKMARK [3][-]{subsubsection.6.8.2.8}{\376\377\000m\000o\000t\000o\000r\000\137\000o\000f\000f}{subsection.6.8.2}
\BOOKMARK [3][-]{subsubsection.6.8.2.9}{\376\377\000m\000o\000t\000o\000r\000\137\000o\000n}{subsection.6.8.2}
\BOOKMARK [3][-]{subsubsection.6.8.2.10}{\376\377\000m\000o\000t\000o\000r\000\137\000o\000n}{subsection.6.8.2}
\BOOKMARK [3][-]{subsubsection.6.8.2.11}{\376\377\000r\000u\000n}{subsection.6.8.2}
\BOOKMARK [3][-]{subsubsection.6.8.2.12}{\376\377\000r\000u\000n\000\137\000p\000r\000o\000g\000r\000a\000m}{subsection.6.8.2}
\BOOKMARK [3][-]{subsubsection.6.8.2.13}{\376\377\000r\000u\000n\000\137\000p\000r\000o\000g\000r\000a\000m\000\137\000m\000y\000s\000q\000l}{subsection.6.8.2}
\BOOKMARK [3][-]{subsubsection.6.8.2.14}{\376\377\000r\000u\000n\000\137\000p\000r\000o\000g\000r\000a\000m\000\137\000m\000y\000s\000q\000l}{subsection.6.8.2}
\BOOKMARK [3][-]{subsubsection.6.8.2.15}{\376\377\000s\000e\000t\000\137\000s\000p\000e\000e\000d}{subsection.6.8.2}
\BOOKMARK [3][-]{subsubsection.6.8.2.16}{\376\377\000s\000e\000t\000\137\000s\000p\000e\000e\000d}{subsection.6.8.2}
\BOOKMARK [3][-]{subsubsection.6.8.2.17}{\376\377\000s\000e\000t\000S\000e\000n\000s\000o\000r\000s}{subsection.6.8.2}
\BOOKMARK [3][-]{subsubsection.6.8.2.18}{\376\377\000s\000t\000o\000p\000\137\000p\000r\000o\000g\000r\000a\000m}{subsection.6.8.2}
\BOOKMARK [2][-]{subsection.6.8.3}{\376\377\000M\000e\000m\000b\000e\000r\000\040\000D\000a\000t\000a\000\040\000D\000o\000c\000u\000m\000e\000n\000t\000a\000t\000i\000o\000n}{section.6.8}
\BOOKMARK [3][-]{subsubsection.6.8.3.1}{\376\377\000a\000r\000g\000\137\000c\000o\000m\000m\000a\000n\000d}{subsection.6.8.3}
\BOOKMARK [3][-]{subsubsection.6.8.3.2}{\376\377\000n\000x\000t}{subsection.6.8.3}
\BOOKMARK [3][-]{subsubsection.6.8.3.3}{\376\377\000r\000e\000g\000u\000l\000a\000t\000i\000o\000n\000M\000o\000d\000e\000s}{subsection.6.8.3}
\BOOKMARK [3][-]{subsubsection.6.8.3.4}{\376\377\000R\000o\000v\000e\000r\000\137\000d\000i\000s\000t\000a\000n\000c\000e}{subsection.6.8.3}
\BOOKMARK [3][-]{subsubsection.6.8.3.5}{\376\377\000R\000o\000v\000e\000r\000\137\000l\000i\000g\000h\000t}{subsection.6.8.3}
\BOOKMARK [3][-]{subsubsection.6.8.3.6}{\376\377\000R\000o\000v\000e\000r\000\137\000s\000o\000u\000n\000d}{subsection.6.8.3}
\BOOKMARK [3][-]{subsubsection.6.8.3.7}{\376\377\000R\000o\000v\000e\000r\000\137\000t\000o\000u\000c\000h}{subsection.6.8.3}
\BOOKMARK [3][-]{subsubsection.6.8.3.8}{\376\377\000r\000u\000n\000S\000t\000a\000t\000e\000s}{subsection.6.8.3}
\BOOKMARK [3][-]{subsubsection.6.8.3.9}{\376\377\000s\000e\000n\000s\000o\000r\000M\000o\000d\000e\000s}{subsection.6.8.3}
\BOOKMARK [3][-]{subsubsection.6.8.3.10}{\376\377\000s\000e\000n\000s\000o\000r\000M\000o\000d\000e\000s\000\137\000b\000a\000s\000e\000d\000\137\000o\000n\000\137\000s\000e\000n\000s\000o\000r\000T\000y\000p\000e\000s}{subsection.6.8.3}
\BOOKMARK [3][-]{subsubsection.6.8.3.11}{\376\377\000s\000e\000n\000s\000o\000r\000s}{subsection.6.8.3}
\BOOKMARK [3][-]{subsubsection.6.8.3.12}{\376\377\000s\000e\000n\000s\000o\000r\000T\000y\000p\000e\000s}{subsection.6.8.3}
\BOOKMARK [3][-]{subsubsection.6.8.3.13}{\376\377\000s\000p\000e\000e\000d\000\137\000m\000o\000t\000o\000r\000s}{subsection.6.8.3}
\BOOKMARK [3][-]{subsubsection.6.8.3.14}{\376\377\000u\000n\000i\000t}{subsection.6.8.3}
\BOOKMARK [0][-]{chapter.7}{\376\377\000F\000i\000l\000e\000\040\000D\000o\000c\000u\000m\000e\000n\000t\000a\000t\000i\000o\000n}{}
\BOOKMARK [1][-]{section.7.1}{\376\377\000C\000:\000/\000U\000s\000e\000r\000s\000/\000m\000a\000r\000c\000/\000D\000o\000c\000u\000m\000e\000n\000t\000s\000/\000f\000r\000e\000d\000n\000e\000t\